Sun Sep 03 2023 15:4:51 } [PH] error: 🐱‍🏍 globalErrorHandler ~~ 
Invalid `prisma.book.create()` invocation:

{
  data: {
    query: "\n    query IntrospectionQuery {\n      __schema {\n        \n        queryType { name }\n        mutationType { name }\n        subscriptionType { name }\n        types {\n          ...FullType\n        }\n        directives {\n          name\n          description\n          \n          locations\n          args {\n            ...InputValue\n          }\n        }\n      }\n    }\n\n    fragment FullType on __Type {\n      kind\n      name\n      description\n      \n      fields(includeDeprecated: true) {\n        name\n        description\n        args {\n          ...InputValue\n        }\n        type {\n          ...TypeRef\n        }\n        isDeprecated\n        deprecationReason\n      }\n      inputFields {\n        ...InputValue\n      }\n      interfaces {\n        ...TypeRef\n      }\n      enumValues(includeDeprecated: true) {\n        name\n        description\n        isDeprecated\n        deprecationReason\n      }\n      possibleTypes {\n        ...TypeRef\n      }\n    }\n\n    fragment InputValue on __InputValue {\n      name\n      description\n      type { ...TypeRef }\n      defaultValue\n      \n      \n    }\n\n    fragment TypeRef on __Type {\n      kind\n      name\n      ofType {\n        kind\n        name\n        ofType {\n          kind\n          name\n          ofType {\n            kind\n            name\n            ofType {\n              kind\n              name\n              ofType {\n                kind\n                name\n                ofType {\n                  kind\n                  name\n                  ofType {\n                    kind\n                    name\n                  }\n                }\n              }\n            }\n          }\n        }\n      }\n    }\n  ",
+   title: String
  },
  include: {
    category: true
  }
}

Argument `title` is missing.
Sun Sep 03 2023 15:4:51 } [PH] error: 🐱‍🏍 globalErrorHandler ~~ 
Invalid `prisma.book.create()` invocation:

{
  data: {
    query: "\n    query IntrospectionQuery {\n      __schema {\n        \n        queryType { name }\n        mutationType { name }\n        subscriptionType { name }\n        types {\n          ...FullType\n        }\n        directives {\n          name\n          description\n          \n          locations\n          args {\n            ...InputValue\n          }\n        }\n      }\n    }\n\n    fragment FullType on __Type {\n      kind\n      name\n      description\n      \n      fields(includeDeprecated: true) {\n        name\n        description\n        args {\n          ...InputValue\n        }\n        type {\n          ...TypeRef\n        }\n        isDeprecated\n        deprecationReason\n      }\n      inputFields {\n        ...InputValue\n      }\n      interfaces {\n        ...TypeRef\n      }\n      enumValues(includeDeprecated: true) {\n        name\n        description\n        isDeprecated\n        deprecationReason\n      }\n      possibleTypes {\n        ...TypeRef\n      }\n    }\n\n    fragment InputValue on __InputValue {\n      name\n      description\n      type { ...TypeRef }\n      defaultValue\n      \n      \n    }\n\n    fragment TypeRef on __Type {\n      kind\n      name\n      ofType {\n        kind\n        name\n        ofType {\n          kind\n          name\n          ofType {\n            kind\n            name\n            ofType {\n              kind\n              name\n              ofType {\n                kind\n                name\n                ofType {\n                  kind\n                  name\n                  ofType {\n                    kind\n                    name\n                  }\n                }\n              }\n            }\n          }\n        }\n      }\n    }\n  ",
+   title: String
  },
  include: {
    category: true
  }
}

Argument `title` is missing.
Sun Sep 03 2023 15:5:48 } [PH] error: 🐱‍🏍 globalErrorHandler ~~ 
Invalid `prisma.book.create()` invocation:

{
  data: {
    title: "The Catcher in the Rye",
    author: "J.D. Salinger",
    genre: "Fiction",
    price: 350.75,
    publicationDate: "1951-07-16",
                     ~~~~~~~~~~~~
    categoryId: "901d6ec4-af0c-4595-bc8d-1c567203c619"
  },
  include: {
    category: true
  }
}

Invalid value for argument `publicationDate`: premature end of input. Expected ISO-8601 DateTime.
Sun Sep 03 2023 15:7:2 } [PH] error: 🐱‍🏍 globalErrorHandler ~~ 
Invalid `prisma.book.create()` invocation:

{
  data: {
    title: "The Catcher in the Rye",
    author: "J.D. Salinger",
    genre: "Fiction",
    price: 350.75,
    publicationDate: "1991‐09‐03T08:54:55Z",
                     ~~~~~~~~~~~~~~~~~~~~~~
    categoryId: "901d6ec4-af0c-4595-bc8d-1c567203c619"
  },
  include: {
    category: true
  }
}

Invalid value for argument `publicationDate`: input contains invalid characters. Expected ISO-8601 DateTime.
